<?xml version="1.0" encoding="UTF-8"?>
<testsuite xmlns:xsi="http://www.w3.org/2001/XMLSchema-instance" xsi:noNamespaceSchemaLocation="https://maven.apache.org/surefire/maven-surefire-plugin/xsd/surefire-test-report-3.0.xsd" version="3.0" name="com.example.devops_demo_project.AppTest" time="0.039" tests="1" errors="0" skipped="0" failures="0">
  <properties>
    <property name="java.specification.version" value="21"/>
    <property name="sun.cpu.isalist" value="amd64"/>
    <property name="sun.jnu.encoding" value="Cp1252"/>
    <property name="java.class.path" value="C:\Users\LENOVO\eclipse-workspace\devops-demo-project\target\test-classes;C:\Users\LENOVO\eclipse-workspace\devops-demo-project\target\classes;C:\Users\LENOVO\.m2\repository\junit\junit\3.8.1\junit-3.8.1.jar;C:\Users\LENOVO\.m2\repository\org\apache\maven\maven-project\2.2.0\maven-project-2.2.0.jar;C:\Users\LENOVO\.m2\repository\org\apache\maven\maven-settings\2.2.0\maven-settings-2.2.0.jar;C:\Users\LENOVO\.m2\repository\org\apache\maven\maven-profile\2.2.0\maven-profile-2.2.0.jar;C:\Users\LENOVO\.m2\repository\org\apache\maven\maven-model\2.2.0\maven-model-2.2.0.jar;C:\Users\LENOVO\.m2\repository\org\apache\maven\maven-artifact-manager\2.2.0\maven-artifact-manager-2.2.0.jar;C:\Users\LENOVO\.m2\repository\org\apache\maven\maven-repository-metadata\2.2.0\maven-repository-metadata-2.2.0.jar;C:\Users\LENOVO\.m2\repository\org\apache\maven\wagon\wagon-provider-api\1.0-beta-6\wagon-provider-api-1.0-beta-6.jar;C:\Users\LENOVO\.m2\repository\backport-util-concurrent\backport-util-concurrent\3.1\backport-util-concurrent-3.1.jar;C:\Users\LENOVO\.m2\repository\org\apache\maven\maven-plugin-registry\2.2.0\maven-plugin-registry-2.2.0.jar;C:\Users\LENOVO\.m2\repository\org\codehaus\plexus\plexus-interpolation\1.11\plexus-interpolation-1.11.jar;C:\Users\LENOVO\.m2\repository\org\codehaus\plexus\plexus-utils\1.5.15\plexus-utils-1.5.15.jar;C:\Users\LENOVO\.m2\repository\org\apache\maven\maven-artifact\2.2.0\maven-artifact-2.2.0.jar;C:\Users\LENOVO\.m2\repository\org\codehaus\plexus\plexus-container-default\1.0-alpha-9-stable-1\plexus-container-default-1.0-alpha-9-stable-1.jar;C:\Users\LENOVO\.m2\repository\classworlds\classworlds\1.1-alpha-2\classworlds-1.1-alpha-2.jar;"/>
    <property name="java.vm.vendor" value="Oracle Corporation"/>
    <property name="sun.arch.data.model" value="64"/>
    <property name="user.variant" value=""/>
    <property name="java.vendor.url" value="https://java.oracle.com/"/>
    <property name="user.timezone" value="Asia/Calcutta"/>
    <property name="os.name" value="Windows 10"/>
    <property name="java.vm.specification.version" value="21"/>
    <property name="sun.java.launcher" value="SUN_STANDARD"/>
    <property name="user.country" value="IN"/>
    <property name="sun.boot.library.path" value="C:\Program Files\Java\jdk-21\bin"/>
    <property name="sun.java.command" value="C:\Users\LENOVO\AppData\Local\Temp\surefire10072164693223799776\surefirebooter-20241007144847079_3.jar C:\Users\LENOVO\AppData\Local\Temp\surefire10072164693223799776 2024-10-07T14-48-46_779-jvmRun1 surefire-20241007144847079_1tmp surefire_0-20241007144847079_2tmp"/>
    <property name="jdk.debug" value="release"/>
    <property name="surefire.test.class.path" value="C:\Users\LENOVO\eclipse-workspace\devops-demo-project\target\test-classes;C:\Users\LENOVO\eclipse-workspace\devops-demo-project\target\classes;C:\Users\LENOVO\.m2\repository\junit\junit\3.8.1\junit-3.8.1.jar;C:\Users\LENOVO\.m2\repository\org\apache\maven\maven-project\2.2.0\maven-project-2.2.0.jar;C:\Users\LENOVO\.m2\repository\org\apache\maven\maven-settings\2.2.0\maven-settings-2.2.0.jar;C:\Users\LENOVO\.m2\repository\org\apache\maven\maven-profile\2.2.0\maven-profile-2.2.0.jar;C:\Users\LENOVO\.m2\repository\org\apache\maven\maven-model\2.2.0\maven-model-2.2.0.jar;C:\Users\LENOVO\.m2\repository\org\apache\maven\maven-artifact-manager\2.2.0\maven-artifact-manager-2.2.0.jar;C:\Users\LENOVO\.m2\repository\org\apache\maven\maven-repository-metadata\2.2.0\maven-repository-metadata-2.2.0.jar;C:\Users\LENOVO\.m2\repository\org\apache\maven\wagon\wagon-provider-api\1.0-beta-6\wagon-provider-api-1.0-beta-6.jar;C:\Users\LENOVO\.m2\repository\backport-util-concurrent\backport-util-concurrent\3.1\backport-util-concurrent-3.1.jar;C:\Users\LENOVO\.m2\repository\org\apache\maven\maven-plugin-registry\2.2.0\maven-plugin-registry-2.2.0.jar;C:\Users\LENOVO\.m2\repository\org\codehaus\plexus\plexus-interpolation\1.11\plexus-interpolation-1.11.jar;C:\Users\LENOVO\.m2\repository\org\codehaus\plexus\plexus-utils\1.5.15\plexus-utils-1.5.15.jar;C:\Users\LENOVO\.m2\repository\org\apache\maven\maven-artifact\2.2.0\maven-artifact-2.2.0.jar;C:\Users\LENOVO\.m2\repository\org\codehaus\plexus\plexus-container-default\1.0-alpha-9-stable-1\plexus-container-default-1.0-alpha-9-stable-1.jar;C:\Users\LENOVO\.m2\repository\classworlds\classworlds\1.1-alpha-2\classworlds-1.1-alpha-2.jar;"/>
    <property name="sun.cpu.endian" value="little"/>
    <property name="user.home" value="C:\Users\LENOVO"/>
    <property name="user.language" value="en"/>
    <property name="java.specification.vendor" value="Oracle Corporation"/>
    <property name="java.version.date" value="2024-07-16"/>
    <property name="java.home" value="C:\Program Files\Java\jdk-21"/>
    <property name="file.separator" value="\"/>
    <property name="basedir" value="C:\Users\LENOVO\eclipse-workspace\devops-demo-project"/>
    <property name="style.color" value="always"/>
    <property name="java.vm.compressedOopsMode" value="32-bit"/>
    <property name="line.separator" value="&#10;"/>
    <property name="java.vm.specification.vendor" value="Oracle Corporation"/>
    <property name="java.specification.name" value="Java Platform API Specification"/>
    <property name="surefire.real.class.path" value="C:\Users\LENOVO\AppData\Local\Temp\surefire10072164693223799776\surefirebooter-20241007144847079_3.jar"/>
    <property name="user.script" value=""/>
    <property name="sun.management.compiler" value="HotSpot 64-Bit Tiered Compilers"/>
    <property name="java.runtime.version" value="21.0.4+8-LTS-274"/>
    <property name="user.name" value="LENOVO"/>
    <property name="stdout.encoding" value="Cp1252"/>
    <property name="path.separator" value=";"/>
    <property name="os.version" value="10.0"/>
    <property name="java.runtime.name" value="Java(TM) SE Runtime Environment"/>
    <property name="file.encoding" value="UTF-8"/>
    <property name="java.vm.name" value="Java HotSpot(TM) 64-Bit Server VM"/>
    <property name="localRepository" value="C:\Users\LENOVO\.m2\repository"/>
    <property name="java.vendor.url.bug" value="https://bugreport.java.com/bugreport/"/>
    <property name="java.io.tmpdir" value="C:\Users\LENOVO\AppData\Local\Temp\"/>
    <property name="java.version" value="21.0.4"/>
    <property name="user.dir" value="C:\Users\LENOVO\eclipse-workspace\devops-demo-project"/>
    <property name="os.arch" value="amd64"/>
    <property name="java.vm.specification.name" value="Java Virtual Machine Specification"/>
    <property name="sun.os.patch.level" value=""/>
    <property name="native.encoding" value="Cp1252"/>
    <property name="java.library.path" value="C:\Program Files\Java\jdk-21\bin;C:\Windows\Sun\Java\bin;C:\Windows\system32;C:\Windows;C:/Program Files/Java/jdk-21/bin/server;C:/Program Files/Java/jdk-21/bin;C:\oraclexe\app\oracle\product\11.2.0\server\bin;C:\Users\LENOVO\Downloads\bin;C:\oraclexe\app\oracle\product\11.2.0\server\bin;C:\Program Files\Java\jdk1.8.0_144\bin;C:\Users\LENOVO\terraform;C:\Program Files\Git\cmd;C:\Program Files\Amazon\AWSCLIV2\;C:\Users\LENOVO\kubectl;C:\Users\LENOVO\AppData\Roaming\;C:\Program Files (x86)\Java\jre1.8.0_421\bin;C:\Program Files\Java\jdk-21\bin;C:\Windows\system32\config\systemprofile\AppData\Local\Microsoft\WindowsApps;C:\Program Files\JetBrains\IntelliJ IDEA 2023.3.3\bin;;C:\Users\LENOVO\kubectl;C:\Users\kvpra\eksctl;C:\Users\kvpra\argocdctl;C:\apache-maven-3.6.3\bin;C:\Program Files\Lens\resources\cli\bin;C:\Users\LENOVO\AppData\Local\Programs\Microsoft VS Code\bin;C:\Users\LENOVO\terraform;C:\Users\LENOVO\eksctl;C:\Users\LENOVO\bluegreen;C:\Users\LENOVO\terraform;C:\Users\LENOVO\AppData\Roaming\npm;C:\Program Files\Java\jdk-21\bin;;C:\Windows\System32;;."/>
    <property name="java.vm.info" value="mixed mode, sharing"/>
    <property name="stderr.encoding" value="Cp1252"/>
    <property name="java.vendor" value="Oracle Corporation"/>
    <property name="java.vm.version" value="21.0.4+8-LTS-274"/>
    <property name="sun.io.unicode.encoding" value="UnicodeLittle"/>
    <property name="java.class.version" value="65.0"/>
  </properties>
  <testcase name="testApp" classname="com.example.devops_demo_project.AppTest" time="0.005"/>
</testsuite>